 
****************************************
Report : area
Design : fpu
Version: L-2016.03-SP5-1
Date   : Sun Mar 12 18:53:17 2017
****************************************

Library(s) Used:

    saed90nm_typ (File: /mnt/class_data/ecec574-f2016/SAED_EDK90nm/Digital_Standard_cell_Library/synopsys/models/saed90nm_typ.db)

Number of ports:                          292
Number of nets:                          1944
Number of cells:                           36
Number of combinational cells:             27
Number of sequential cells:                 0
Number of macros/black boxes:               0
Number of buf/inv:                         27
Number of references:                      13

Combinational area:             352959.898410
Buf/Inv area:                    51060.327478
Noncombinational area:          181073.203209
Macro/Black Box area:                0.000000
Net Interconnect area:           71301.384574

Total cell area:                534033.101619
Total area:                     605334.486193
1
