 
****************************************
Report : timing
        -path full
        -delay max
        -max_paths 1
Design : fpu
Version: L-2016.03-SP5-1
Date   : Sun Mar 12 18:53:10 2017
****************************************

 * Some/all delay information is back-annotated.

Operating Conditions: TYPICAL   Library: saed90nm_typ
	Parasitic source    : LPE
	Parasitic mode      : RealRC
	Extraction mode     : MIN_MAX
	Extraction derating : 25/25/25

Information: Percent of Arnoldi-based delays = 20.51%

  Startpoint: fpu_add/fpu_add_frac_dp/i_a3stg_frac1/q_reg[19]
              (rising edge-triggered flip-flop clocked by gclk)
  Endpoint: fpu_add/fpu_add_frac_dp/i_a4stg_rnd_frac_pre3/q_reg[34]
            (rising edge-triggered flip-flop clocked by gclk)
  Path Group: gclk
  Path Type: max

  Point                                                   Incr       Path
  --------------------------------------------------------------------------
  clock gclk (rise edge)                                  0.00       0.00
  clock network delay (propagated)                        0.59       0.59
  fpu_add/fpu_add_frac_dp/i_a3stg_frac1/q_reg[19]/CLK (DFFX1)
                                                          0.00       0.59 r
  fpu_add/fpu_add_frac_dp/i_a3stg_frac1/q_reg[19]/Q (DFFX1)
                                                          0.22       0.81 f
  fpu_add/fpu_add_frac_dp/i_a3stg_frac1/q[19] (dffe_SIZE64_6)
                                                          0.00       0.81 f
  fpu_add/fpu_add_frac_dp/add_1_root_add_767_2/A[19] (fpu_add_frac_dp_DW01_add_3)
                                                          0.00       0.81 f
  fpu_add/fpu_add_frac_dp/add_1_root_add_767_2/U625/QN (NAND2X0)
                                                          0.05 &     0.86 r
  fpu_add/fpu_add_frac_dp/add_1_root_add_767_2/U119/QN (OAI21X1)
                                                          0.11 &     0.98 f
  fpu_add/fpu_add_frac_dp/add_1_root_add_767_2/U103/QN (AOI21X1)
                                                          0.09 &     1.07 r
  fpu_add/fpu_add_frac_dp/add_1_root_add_767_2/U101/QN (OAI21X1)
                                                          0.09 &     1.16 f
  fpu_add/fpu_add_frac_dp/add_1_root_add_767_2/U39/QN (AOI21X1)
                                                          0.10 &     1.26 r
  fpu_add/fpu_add_frac_dp/add_1_root_add_767_2/U311/QN (OAI21X1)
                                                          0.08 &     1.34 f
  fpu_add/fpu_add_frac_dp/add_1_root_add_767_2/U316/Q (AO221X1)
                                                          0.11 &     1.46 f
  fpu_add/fpu_add_frac_dp/add_1_root_add_767_2/U465/QN (NAND2X1)
                                                          0.03 &     1.49 r
  fpu_add/fpu_add_frac_dp/add_1_root_add_767_2/U467/QN (NAND3X0)
                                                          0.06 &     1.55 f
  fpu_add/fpu_add_frac_dp/add_1_root_add_767_2/U471/QN (NAND2X0)
                                                          0.05 &     1.59 r
  fpu_add/fpu_add_frac_dp/add_1_root_add_767_2/U473/QN (NAND3X0)
                                                          0.05 &     1.65 f
  fpu_add/fpu_add_frac_dp/add_1_root_add_767_2/U497/QN (NAND2X0)
                                                          0.05 &     1.70 r
  fpu_add/fpu_add_frac_dp/add_1_root_add_767_2/U499/QN (NAND3X0)
                                                          0.05 &     1.75 f
  fpu_add/fpu_add_frac_dp/add_1_root_add_767_2/U504/QN (NAND2X0)
                                                          0.05 &     1.80 r
  fpu_add/fpu_add_frac_dp/add_1_root_add_767_2/U505/QN (NAND3X0)
                                                          0.05 &     1.86 f
  fpu_add/fpu_add_frac_dp/add_1_root_add_767_2/U367/QN (NAND2X0)
                                                          0.05 &     1.90 r
  fpu_add/fpu_add_frac_dp/add_1_root_add_767_2/U369/QN (NAND3X0)
                                                          0.05 &     1.96 f
  fpu_add/fpu_add_frac_dp/add_1_root_add_767_2/U395/QN (NAND2X0)
                                                          0.05 &     2.01 r
  fpu_add/fpu_add_frac_dp/add_1_root_add_767_2/U398/QN (NAND3X0)
                                                          0.05 &     2.06 f
  fpu_add/fpu_add_frac_dp/add_1_root_add_767_2/U386/QN (NAND2X0)
                                                          0.05 &     2.11 r
  fpu_add/fpu_add_frac_dp/add_1_root_add_767_2/U387/QN (NAND3X0)
                                                          0.05 &     2.16 f
  fpu_add/fpu_add_frac_dp/add_1_root_add_767_2/U391/QN (NAND2X0)
                                                          0.05 &     2.21 r
  fpu_add/fpu_add_frac_dp/add_1_root_add_767_2/U393/QN (NAND3X0)
                                                          0.06 &     2.27 f
  fpu_add/fpu_add_frac_dp/add_1_root_add_767_2/U401/QN (NAND2X0)
                                                          0.05 &     2.32 r
  fpu_add/fpu_add_frac_dp/add_1_root_add_767_2/U402/QN (NAND3X0)
                                                          0.05 &     2.37 f
  fpu_add/fpu_add_frac_dp/add_1_root_add_767_2/U406/QN (NAND2X0)
                                                          0.05 &     2.42 r
  fpu_add/fpu_add_frac_dp/add_1_root_add_767_2/U408/QN (NAND3X0)
                                                          0.05 &     2.47 f
  fpu_add/fpu_add_frac_dp/add_1_root_add_767_2/U430/QN (NAND2X0)
                                                          0.05 &     2.51 r
  fpu_add/fpu_add_frac_dp/add_1_root_add_767_2/U432/QN (NAND3X0)
                                                          0.05 &     2.56 f
  fpu_add/fpu_add_frac_dp/add_1_root_add_767_2/U437/QN (NAND2X0)
                                                          0.05 &     2.61 r
  fpu_add/fpu_add_frac_dp/add_1_root_add_767_2/U438/QN (NAND3X0)
                                                          0.05 &     2.66 f
  fpu_add/fpu_add_frac_dp/add_1_root_add_767_2/U443/QN (NAND2X0)
                                                          0.05 &     2.71 r
  fpu_add/fpu_add_frac_dp/add_1_root_add_767_2/U444/QN (NAND3X0)
                                                          0.05 &     2.76 f
  fpu_add/fpu_add_frac_dp/add_1_root_add_767_2/U448/QN (NAND2X0)
                                                          0.05 &     2.81 r
  fpu_add/fpu_add_frac_dp/add_1_root_add_767_2/U450/QN (NAND3X0)
                                                          0.05 &     2.87 f
  fpu_add/fpu_add_frac_dp/add_1_root_add_767_2/U453/QN (NAND2X0)
                                                          0.05 &     2.91 r
  fpu_add/fpu_add_frac_dp/add_1_root_add_767_2/U456/QN (NAND3X0)
                                                          0.06 &     2.97 f
  fpu_add/fpu_add_frac_dp/add_1_root_add_767_2/U460/QN (NAND2X0)
                                                          0.05 &     3.02 r
  fpu_add/fpu_add_frac_dp/add_1_root_add_767_2/U463/QN (NAND3X0)
                                                          0.05 &     3.07 f
  fpu_add/fpu_add_frac_dp/add_1_root_add_767_2/U526/QN (NAND2X0)
                                                          0.05 &     3.12 r
  fpu_add/fpu_add_frac_dp/add_1_root_add_767_2/U528/QN (NAND3X0)
                                                          0.05 &     3.17 f
  fpu_add/fpu_add_frac_dp/add_1_root_add_767_2/U532/QN (NAND2X0)
                                                          0.05 &     3.22 r
  fpu_add/fpu_add_frac_dp/add_1_root_add_767_2/U534/QN (NAND3X0)
                                                          0.05 &     3.27 f
  fpu_add/fpu_add_frac_dp/add_1_root_add_767_2/U373/QN (NAND2X0)
                                                          0.05 &     3.32 r
  fpu_add/fpu_add_frac_dp/add_1_root_add_767_2/U375/QN (NAND3X0)
                                                          0.05 &     3.37 f
  fpu_add/fpu_add_frac_dp/add_1_root_add_767_2/U487/QN (NAND2X0)
                                                          0.05 &     3.42 r
  fpu_add/fpu_add_frac_dp/add_1_root_add_767_2/U489/QN (NAND3X0)
                                                          0.05 &     3.47 f
  fpu_add/fpu_add_frac_dp/add_1_root_add_767_2/U493/QN (NAND2X0)
                                                          0.05 &     3.52 r
  fpu_add/fpu_add_frac_dp/add_1_root_add_767_2/U495/QN (NAND3X0)
                                                          0.05 &     3.57 f
  fpu_add/fpu_add_frac_dp/add_1_root_add_767_2/U355/QN (NAND2X0)
                                                          0.05 &     3.62 r
  fpu_add/fpu_add_frac_dp/add_1_root_add_767_2/U357/QN (NAND3X0)
                                                          0.05 &     3.67 f
  fpu_add/fpu_add_frac_dp/add_1_root_add_767_2/U349/QN (NAND2X0)
                                                          0.05 &     3.72 r
  fpu_add/fpu_add_frac_dp/add_1_root_add_767_2/U352/QN (NAND3X0)
                                                          0.05 &     3.78 f
  fpu_add/fpu_add_frac_dp/add_1_root_add_767_2/U477/QN (NAND2X0)
                                                          0.05 &     3.82 r
  fpu_add/fpu_add_frac_dp/add_1_root_add_767_2/U478/QN (NAND3X0)
                                                          0.05 &     3.88 f
  fpu_add/fpu_add_frac_dp/add_1_root_add_767_2/U482/QN (NAND2X0)
                                                          0.05 &     3.93 r
  fpu_add/fpu_add_frac_dp/add_1_root_add_767_2/U484/QN (NAND3X0)
                                                          0.06 &     3.99 f
  fpu_add/fpu_add_frac_dp/add_1_root_add_767_2/U517/QN (NAND2X0)
                                                          0.05 &     4.04 r
  fpu_add/fpu_add_frac_dp/add_1_root_add_767_2/U518/QN (NAND3X0)
                                                          0.05 &     4.09 f
  fpu_add/fpu_add_frac_dp/add_1_root_add_767_2/U522/QN (NAND2X0)
                                                          0.05 &     4.14 r
  fpu_add/fpu_add_frac_dp/add_1_root_add_767_2/U524/QN (NAND3X0)
                                                          0.07 &     4.20 f
  fpu_add/fpu_add_frac_dp/add_1_root_add_767_2/U411/QN (NAND2X0)
                                                          0.05 &     4.26 r
  fpu_add/fpu_add_frac_dp/add_1_root_add_767_2/U414/QN (NAND3X0)
                                                          0.05 &     4.31 f
  fpu_add/fpu_add_frac_dp/add_1_root_add_767_2/U421/QN (NAND2X0)
                                                          0.05 &     4.36 r
  fpu_add/fpu_add_frac_dp/add_1_root_add_767_2/U422/QN (NAND3X0)
                                                          0.05 &     4.41 f
  fpu_add/fpu_add_frac_dp/add_1_root_add_767_2/U427/QN (NAND2X0)
                                                          0.05 &     4.46 r
  fpu_add/fpu_add_frac_dp/add_1_root_add_767_2/U428/QN (NAND3X0)
                                                          0.05 &     4.51 f
  fpu_add/fpu_add_frac_dp/add_1_root_add_767_2/U507/QN (NAND2X0)
                                                          0.05 &     4.55 r
  fpu_add/fpu_add_frac_dp/add_1_root_add_767_2/U509/QN (NAND3X0)
                                                          0.05 &     4.60 f
  fpu_add/fpu_add_frac_dp/add_1_root_add_767_2/U513/QN (NAND2X0)
                                                          0.04 &     4.65 r
  fpu_add/fpu_add_frac_dp/add_1_root_add_767_2/U315/Q (AND3X1)
                                                          0.08 &     4.73 r
  fpu_add/fpu_add_frac_dp/add_1_root_add_767_2/U314/Q (XNOR3X1)
                                                          0.09 &     4.82 r
  fpu_add/fpu_add_frac_dp/add_1_root_add_767_2/SUM[63] (fpu_add_frac_dp_DW01_add_3)
                                                          0.00       4.82 r
  fpu_add/fpu_add_frac_dp/U1948/ZN (INVX0)                0.13 &     4.94 f
  fpu_add/fpu_add_frac_dp/U21/QN (NAND3X0)                0.12 &     5.07 r
  fpu_add/fpu_add_frac_dp/U2415/Q (AO21X1)                0.16 &     5.22 r
  fpu_add/fpu_add_frac_dp/U2064/Z (NBUFFX2)               0.10 &     5.32 r
  fpu_add/fpu_add_frac_dp/U1979/QN (NOR2X0)               0.04 &     5.36 f
  fpu_add/fpu_add_frac_dp/i_a4stg_rnd_frac_pre3/din[34] (dff_SIZE64_3)
                                                          0.00       5.36 f
  fpu_add/fpu_add_frac_dp/i_a4stg_rnd_frac_pre3/U63/Q (MUX21X1)
                                                          0.07 &     5.43 f
  fpu_add/fpu_add_frac_dp/i_a4stg_rnd_frac_pre3/q_reg[34]/D (DFFX1)
                                                          0.00 &     5.43 f
  data arrival time                                                  5.43

  clock gclk (rise edge)                                  5.00       5.00
  clock network delay (propagated)                        0.56       5.56
  clock uncertainty                                      -0.10       5.46
  fpu_add/fpu_add_frac_dp/i_a4stg_rnd_frac_pre3/q_reg[34]/CLK (DFFX1)
                                                          0.00       5.46 r
  library setup time                                     -0.02       5.44
  data required time                                                 5.44
  --------------------------------------------------------------------------
  data required time                                                 5.44
  data arrival time                                                 -5.43
  --------------------------------------------------------------------------
  slack (MET)                                                        0.01


1
