
Name of design : fpu
Number of cell instance masters in the library : 63
Number of cell instances in the design : 41494
Processing net VDD ...
Average power dissipation in fpu :  1000.00 mW
Power supply voltage :     1.16 V
Average current in fpu :   862.07 mA
Number of power pad nodes reaching to the power ports of the leaf cells or blocks : 124
Maximum IR drop in fpu : 115.34 mV
Maximum current in fpu : 13.832 mA
Processing net VSS ...
Average power dissipation in fpu :  1000.00 mW
Power supply voltage :     1.16 V
Average current in fpu :   862.07 mA
Number of power pad nodes reaching to the power ports of the leaf cells or blocks : 124
<<<<<<< HEAD
Maximum IR drop in fpu : 115.09 mV
Maximum current in fpu : 13.817 mA
Memory usage for design data :      57843.712 Kbytes
Overall takes     5.06 seconds
=======
Maximum IR drop in fpu : 115.53 mV
Maximum current in fpu : 14.273 mA
Memory usage for design data :      58327.040 Kbytes
Overall takes     5.34 seconds
>>>>>>> primetime
